2023-05-04 10:47:56 INFO::Writing function arguments to log file
2023-05-04 10:47:56 DEBUG::Function arguments
2023-05-04 10:47:56 DEBUG::Output folder: Trios/differential_taxa/L6_Mucosal_Colon_L6_Maaslin2_Sequencing_Run_Site_Sex_Genotype_1-MouseID
2023-05-04 10:47:56 DEBUG::Min Abundance: 0.000000
2023-05-04 10:47:56 DEBUG::Min Prevalence: 0.150000
2023-05-04 10:47:56 DEBUG::Normalization: TSS
2023-05-04 10:47:56 DEBUG::Transform: LOG
2023-05-04 10:47:56 DEBUG::Analysis method: LM
2023-05-04 10:47:56 DEBUG::Max significance: 0.250000
2023-05-04 10:47:56 DEBUG::Random effects: MouseID
2023-05-04 10:47:56 DEBUG::Fixed effects: Sequencing_Run,Site,Sex,Genotype
2023-05-04 10:47:56 DEBUG::Correction method: BH
2023-05-04 10:47:56 DEBUG::Standardize: TRUE
2023-05-04 10:47:56 DEBUG::Cores: 1
2023-05-04 10:47:56 INFO::Verifying options selected are valid
2023-05-04 10:47:56 INFO::Determining format of input files
2023-05-04 10:47:56 INFO::Input format is data samples as columns and metadata samples as rows
2023-05-04 10:47:56 DEBUG::Transformed data so samples are rows
2023-05-04 10:47:56 DEBUG::A total of 82 samples were found in both the data and metadata
2023-05-04 10:47:56 DEBUG::Reordering data/metadata to use same sample ordering
2023-05-04 10:47:56 INFO::Formula for random effects: expr ~ (1 | MouseID)
2023-05-04 10:47:56 INFO::Formula for fixed effects: expr ~  Sequencing_Run + Site + Sex + Genotype
2023-05-04 10:47:56 INFO::Running selected normalization method: TSS
2023-05-04 10:47:57 INFO::Filter data based on min abundance and min prevalence
2023-05-04 10:47:57 INFO::Total samples in data: 82
2023-05-04 10:47:57 INFO::Min samples required with min abundance for a feature not to be filtered: 12.300000
2023-05-04 10:47:57 INFO::Total filtered features: 150
2023-05-04 10:47:57 INFO::Filtered feature names: k__Archaea.p__Halobacterota.c__Halobacteria.o__Halobacterales.f__Haloferacaceae.g__Halorubrum, k__Archaea.p__Halobacterota.c__Halobacteria.o__Halobacterales.f__Haloferacaceae.g__Halovenus, k__Bacteria.p__.c__.o__.f__.g__, k__Bacteria.p__Acidobacteriota.c__Acidobacteriae.o__Paludibaculum.f__.g__, k__Bacteria.p__Acidobacteriota.c__Blastocatellia.o__.f__.g__, k__Bacteria.p__Acidobacteriota.c__Blastocatellia.o__Blastocatellales.f__Blastocatellaceae.g__, k__Bacteria.p__Acidobacteriota.c__Vicinamibacteria.o__Vicinamibacterales.f__.g__, k__Bacteria.p__Acidobacteriota.c__Vicinamibacteria.o__Vicinamibacterales.f__Vicinamibacteraceae.g__, k__Bacteria.p__Actinobacteriota.c__Acidimicrobiia.o__Microtrichales.f__Ilumatobacteraceae.g__CL500.29.marine.group, k__Bacteria.p__Actinobacteriota.c__Actinobacteria.o__Actinomycetales.f__Actinomycetaceae.g__Actinomyces, k__Bacteria.p__Actinobacteriota.c__Actinobacteria.o__Corynebacteriales.f__Corynebacteriaceae.g__Corynebacterium, k__Bacteria.p__Actinobacteriota.c__Actinobacteria.o__Corynebacteriales.f__Mycobacteriaceae.g__Mycobacterium, k__Bacteria.p__Actinobacteriota.c__Actinobacteria.o__Corynebacteriales.f__Nocardiaceae.g__Gordonia, k__Bacteria.p__Actinobacteriota.c__Actinobacteria.o__Corynebacteriales.f__Nocardiaceae.g__Rhodococcus, k__Bacteria.p__Actinobacteriota.c__Actinobacteria.o__Frankiales.f__Sporichthyaceae.g__Candidatus.Planktophila, k__Bacteria.p__Actinobacteriota.c__Actinobacteria.o__Frankiales.f__Sporichthyaceae.g__hgcI.clade, k__Bacteria.p__Actinobacteriota.c__Actinobacteria.o__Micrococcales.f__Dermabacteraceae.g__Brachybacterium, k__Bacteria.p__Actinobacteriota.c__Actinobacteria.o__Micrococcales.f__Intrasporangiaceae.g__Knoellia, k__Bacteria.p__Actinobacteriota.c__Actinobacteria.o__Micrococcales.f__Microbacteriaceae.g__Curtobacterium, k__Bacteria.p__Actinobacteriota.c__Actinobacteria.o__Micrococcales.f__Micrococcaceae.g__Kocuria, k__Bacteria.p__Actinobacteriota.c__Actinobacteria.o__Micrococcales.f__Micrococcaceae.g__Micrococcus, k__Bacteria.p__Actinobacteriota.c__Actinobacteria.o__Micrococcales.f__Micrococcaceae.g__Rothia, k__Bacteria.p__Actinobacteriota.c__Coriobacteriia.o__Coriobacteriales.f__Atopobiaceae.g__Olsenella, k__Bacteria.p__Actinobacteriota.c__Coriobacteriia.o__Coriobacteriales.f__Eggerthellaceae.g__Gordonibacter, k__Bacteria.p__Actinobacteriota.c__Coriobacteriia.o__Coriobacteriales.f__Eggerthellaceae.g__Parvibacter, k__Bacteria.p__Aquificota.c__Aquificae.o__Aquificales.f__Aquificaceae.g__Hydrogenobacter, k__Bacteria.p__Bacteroidota.c__Bacteroidia.o__Bacteroidales.f__.g__, k__Bacteria.p__Bacteroidota.c__Bacteroidia.o__Bacteroidales.f__Barnesiellaceae.g__Barnesiella, k__Bacteria.p__Bacteroidota.c__Bacteroidia.o__Bacteroidales.f__Barnesiellaceae.g__Coprobacter, k__Bacteria.p__Bacteroidota.c__Bacteroidia.o__Bacteroidales.f__Porphyromonadaceae.g__Porphyromonas, k__Bacteria.p__Bacteroidota.c__Bacteroidia.o__Bacteroidales.f__Prevotellaceae.g__Paraprevotella, k__Bacteria.p__Bacteroidota.c__Bacteroidia.o__Bacteroidales.f__Prevotellaceae.g__Prevotella_7, k__Bacteria.p__Bacteroidota.c__Bacteroidia.o__Bacteroidales.f__Prevotellaceae.g__Prevotellaceae.NK3B31.group, k__Bacteria.p__Bacteroidota.c__Bacteroidia.o__Bacteroidales.f__Prevotellaceae.g__Prevotellaceae.UCG.001, k__Bacteria.p__Bacteroidota.c__Bacteroidia.o__Chitinophagales.f__Chitinophagaceae.g__Thermoflavifilum, k__Bacteria.p__Bacteroidota.c__Bacteroidia.o__Cytophagales.f__Hymenobacteraceae.g__Hymenobacter, k__Bacteria.p__Bacteroidota.c__Bacteroidia.o__Flavobacteriales.f__Flavobacteriaceae.g__Imtechella, k__Bacteria.p__Bacteroidota.c__Bacteroidia.o__Flavobacteriales.f__Weeksellaceae.g__Chryseobacterium, k__Bacteria.p__Bacteroidota.c__Bacteroidia.o__Sphingobacteriales.f__env.OPS.17.g__, k__Bacteria.p__Bacteroidota.c__Kapabacteria.o__Kapabacteriales.f__.g__, k__Bacteria.p__Chloroflexi.c__Chloroflexia.o__Thermomicrobiales.f__JG30.KF.CM45.g__, k__Bacteria.p__Cyanobacteria.c__Cyanobacteriia.o__Chloroplast.f__.g__, k__Bacteria.p__Cyanobacteria.c__Vampirivibrionia.o__Obscuribacterales.f__Obscuribacteraceae.g__, k__Bacteria.p__Deinococcota.c__Deinococci.o__Thermales.f__Thermaceae.g__Meiothermus, k__Bacteria.p__Deinococcota.c__Deinococci.o__Thermales.f__Thermaceae.g__Thermus, k__Bacteria.p__Desulfobacterota.c__Desulfovibrionia.o__Desulfovibrionales.f__Desulfovibrionaceae.g__, k__Bacteria.p__Firmicutes.c__.o__.f__.g__, k__Bacteria.p__Firmicutes.c__Bacilli.o__.f__.g__, k__Bacteria.p__Firmicutes.c__Bacilli.o__Alicyclobacillales.f__Alicyclobacillaceae.g__Effusibacillus, k__Bacteria.p__Firmicutes.c__Bacilli.o__Alicyclobacillales.f__Alicyclobacillaceae.g__Tumebacillus, k__Bacteria.p__Firmicutes.c__Bacilli.o__Bacillales.f__Bacillaceae.g__, k__Bacteria.p__Firmicutes.c__Bacilli.o__Bacillales.f__Bacillaceae.g__Anoxybacillus, k__Bacteria.p__Firmicutes.c__Bacilli.o__Bacillales.f__Planococcaceae.g__Planomicrobium, k__Bacteria.p__Firmicutes.c__Bacilli.o__Erysipelotrichales.f__Erysipelatoclostridiaceae.g__Erysipelotrichaceae.UCG.003, k__Bacteria.p__Firmicutes.c__Bacilli.o__Erysipelotrichales.f__Erysipelotrichaceae.g__Breznakia, k__Bacteria.p__Firmicutes.c__Bacilli.o__Erysipelotrichales.f__Erysipelotrichaceae.g__Catenisphaera, k__Bacteria.p__Firmicutes.c__Bacilli.o__Erysipelotrichales.f__Erysipelotrichaceae.g__Holdemanella, k__Bacteria.p__Firmicutes.c__Bacilli.o__Erysipelotrichales.f__Erysipelotrichaceae.g__Holdemania, k__Bacteria.p__Firmicutes.c__Bacilli.o__Erysipelotrichales.f__Erysipelotrichaceae.g__.Clostridium..innocuum.group, k__Bacteria.p__Firmicutes.c__Bacilli.o__Lactobacillales.f__.g__, k__Bacteria.p__Firmicutes.c__Bacilli.o__Lactobacillales.f__Aerococcaceae.g__Globicatella, k__Bacteria.p__Firmicutes.c__Bacilli.o__Lactobacillales.f__Carnobacteriaceae.g__Granulicatella, k__Bacteria.p__Firmicutes.c__Bacilli.o__Lactobacillales.f__Lactobacillaceae.g__, k__Bacteria.p__Firmicutes.c__Bacilli.o__Lactobacillales.f__Lactobacillaceae.g__Lacticaseibacillus, k__Bacteria.p__Firmicutes.c__Bacilli.o__Lactobacillales.f__Lactobacillaceae.g__Lactiplantibacillus, k__Bacteria.p__Firmicutes.c__Bacilli.o__Lactobacillales.f__Streptococcaceae.g__Lactococcus, k__Bacteria.p__Firmicutes.c__Bacilli.o__Paenibacillales.f__Paenibacillaceae.g__Ammoniphilus, k__Bacteria.p__Firmicutes.c__Bacilli.o__Paenibacillales.f__Paenibacillaceae.g__Paenibacillus, k__Bacteria.p__Firmicutes.c__Bacilli.o__Staphylococcales.f__Staphylococcaceae.g__Auricoccus.Abyssicoccus, k__Bacteria.p__Firmicutes.c__Bacilli.o__Staphylococcales.f__Staphylococcaceae.g__Jeotgalicoccus, k__Bacteria.p__Firmicutes.c__Clostridia.o__.f__.g__, k__Bacteria.p__Firmicutes.c__Clostridia.o__Lachnospirales.f__Lachnospiraceae.g__Coprococcus, k__Bacteria.p__Firmicutes.c__Clostridia.o__Lachnospirales.f__Lachnospiraceae.g__Lachnospira, k__Bacteria.p__Firmicutes.c__Clostridia.o__Lachnospirales.f__Lachnospiraceae.g__Lachnospiraceae.ND3007.group, k__Bacteria.p__Firmicutes.c__Clostridia.o__Lachnospirales.f__Lachnospiraceae.g__Lachnospiraceae.NK4B4.group, k__Bacteria.p__Firmicutes.c__Clostridia.o__Lachnospirales.f__Lachnospiraceae.g__Lachnospiraceae.UCG.008, k__Bacteria.p__Firmicutes.c__Clostridia.o__Lachnospirales.f__Lachnospiraceae.g__Lactonifactor, k__Bacteria.p__Firmicutes.c__Clostridia.o__Lachnospirales.f__Lachnospiraceae.g__Sellimonas, k__Bacteria.p__Firmicutes.c__Clostridia.o__Lachnospirales.f__Lachnospiraceae.g__UC5.1.2E3, k__Bacteria.p__Firmicutes.c__Clostridia.o__Lachnospirales.f__Lachnospiraceae.g__.Eubacterium..eligens.group, k__Bacteria.p__Firmicutes.c__Clostridia.o__Lachnospirales.f__Lachnospiraceae.g__.Eubacterium..fissicatena.group, k__Bacteria.p__Firmicutes.c__Clostridia.o__Lachnospirales.f__Lachnospiraceae.g__.Eubacterium..hallii.group, k__Bacteria.p__Firmicutes.c__Clostridia.o__Lachnospirales.f__Lachnospiraceae.g__.Eubacterium..ruminantium.group, k__Bacteria.p__Firmicutes.c__Clostridia.o__Lachnospirales.f__Lachnospiraceae.g__.Eubacterium..ventriosum.group, k__Bacteria.p__Firmicutes.c__Clostridia.o__Lachnospirales.f__Lachnospiraceae.g__.Ruminococcus..gauvreauii.group, k__Bacteria.p__Firmicutes.c__Clostridia.o__Lachnospirales.f__Lachnospiraceae.g__.Ruminococcus..gnavus.group, k__Bacteria.p__Firmicutes.c__Clostridia.o__Lachnospirales.f__Lachnospiraceae.g__.Ruminococcus..torques.group, k__Bacteria.p__Firmicutes.c__Clostridia.o__Lachnospirales.f__Lachnospiraceae.g__possible.genus.Sk018, k__Bacteria.p__Firmicutes.c__Clostridia.o__Oscillospirales.f__Butyricicoccaceae.g__, k__Bacteria.p__Firmicutes.c__Clostridia.o__Oscillospirales.f__Oscillospiraceae.g__Flavonifractor, k__Bacteria.p__Firmicutes.c__Clostridia.o__Oscillospirales.f__Oscillospiraceae.g__Pseudoflavonifractor, k__Bacteria.p__Firmicutes.c__Clostridia.o__Oscillospirales.f__Oscillospiraceae.g__UCG.002, k__Bacteria.p__Firmicutes.c__Clostridia.o__Oscillospirales.f__Ruminococcaceae.g__CAG.352, k__Bacteria.p__Firmicutes.c__Clostridia.o__Oscillospirales.f__Ruminococcaceae.g__Negativibacillus, k__Bacteria.p__Firmicutes.c__Clostridia.o__Oscillospirales.f__Ruminococcaceae.g__Paludicola, k__Bacteria.p__Firmicutes.c__Clostridia.o__Peptostreptococcales.Tissierellales.f__Anaerovoracaceae.g__Anaerovorax, k__Bacteria.p__Firmicutes.c__Clostridia.o__Peptostreptococcales.Tissierellales.f__Peptostreptococcaceae.g__, k__Bacteria.p__Firmicutes.c__Clostridia.o__Peptostreptococcales.Tissierellales.f__Peptostreptococcaceae.g__Intestinibacter, k__Bacteria.p__Firmicutes.c__Clostridia.o__Peptostreptococcales.Tissierellales.f__Peptostreptococcaceae.g__Paraclostridium, k__Bacteria.p__Firmicutes.c__Clostridia.o__Peptostreptococcales.Tissierellales.f__Peptostreptococcaceae.g__Peptoclostridium, k__Bacteria.p__Firmicutes.c__Clostridia.o__Peptostreptococcales.Tissierellales.f__Peptostreptococcaceae.g__Terrisporobacter, k__Bacteria.p__Firmicutes.c__Negativicutes.o__Acidaminococcales.f__Acidaminococcaceae.g__Acidaminococcus, k__Bacteria.p__Firmicutes.c__Negativicutes.o__Acidaminococcales.f__Acidaminococcaceae.g__Phascolarctobacterium, k__Bacteria.p__Firmicutes.c__Negativicutes.o__Veillonellales.Selenomonadales.f__Selenomonadaceae.g__Centipeda, k__Bacteria.p__Firmicutes.c__Negativicutes.o__Veillonellales.Selenomonadales.f__Selenomonadaceae.g__Megamonas, k__Bacteria.p__Firmicutes.c__Negativicutes.o__Veillonellales.Selenomonadales.f__Veillonellaceae.g__Dialister, k__Bacteria.p__Firmicutes.c__Negativicutes.o__Veillonellales.Selenomonadales.f__Veillonellaceae.g__Megasphaera, k__Bacteria.p__Firmicutes.c__Negativicutes.o__Veillonellales.Selenomonadales.f__Veillonellaceae.g__Veillonella, k__Bacteria.p__Firmicutes.c__Symbiobacteriia.o__Symbiobacteriales.f__Caldinitratiruptor.g__, k__Bacteria.p__Fusobacteriota.c__Fusobacteriia.o__Fusobacteriales.f__Fusobacteriaceae.g__Fusobacterium, k__Bacteria.p__Fusobacteriota.c__Fusobacteriia.o__Fusobacteriales.f__Leptotrichiaceae.g__Leptotrichia, k__Bacteria.p__Patescibacteria.c__Saccharimonadia.o__Saccharimonadales.f__Saccharimonadaceae.g__Candidatus.Saccharimonas, k__Bacteria.p__Proteobacteria.c__Alphaproteobacteria.o__Acetobacterales.f__Acetobacteraceae.g__Roseomonas, k__Bacteria.p__Proteobacteria.c__Alphaproteobacteria.o__Azospirillales.f__Azospirillaceae.g__Azospirillum, k__Bacteria.p__Proteobacteria.c__Alphaproteobacteria.o__Caulobacterales.f__Caulobacteraceae.g__Brevundimonas, k__Bacteria.p__Proteobacteria.c__Alphaproteobacteria.o__Rhizobiales.f__Beijerinckiaceae.g__Methylobacterium.Methylorubrum, k__Bacteria.p__Proteobacteria.c__Alphaproteobacteria.o__Rhizobiales.f__Beijerinckiaceae.g__Methylocella, k__Bacteria.p__Proteobacteria.c__Alphaproteobacteria.o__Rhizobiales.f__Xanthobacteraceae.g__Xanthobacter, k__Bacteria.p__Proteobacteria.c__Alphaproteobacteria.o__Rhodobacterales.f__Rhodobacteraceae.g__Paracoccus, k__Bacteria.p__Proteobacteria.c__Alphaproteobacteria.o__Rhodobacterales.f__Rhodobacteraceae.g__Rubellimicrobium, k__Bacteria.p__Proteobacteria.c__Alphaproteobacteria.o__Rickettsiales.f__Mitochondria.g__, k__Bacteria.p__Proteobacteria.c__Alphaproteobacteria.o__Sphingomonadales.f__Sphingomonadaceae.g__Sphingomonas, k__Bacteria.p__Proteobacteria.c__Alphaproteobacteria.o__Sphingomonadales.f__Sphingomonadaceae.g__Sphingopyxis, k__Bacteria.p__Proteobacteria.c__Gammaproteobacteria.o__Burkholderiales.f__Alcaligenaceae.g__Bordetella, k__Bacteria.p__Proteobacteria.c__Gammaproteobacteria.o__Burkholderiales.f__Burkholderiaceae.g__Burkholderia.Caballeronia.Paraburkholderia, k__Bacteria.p__Proteobacteria.c__Gammaproteobacteria.o__Burkholderiales.f__Burkholderiaceae.g__Ralstonia, k__Bacteria.p__Proteobacteria.c__Gammaproteobacteria.o__Burkholderiales.f__Comamonadaceae.g__Alicycliphilus, k__Bacteria.p__Proteobacteria.c__Gammaproteobacteria.o__Burkholderiales.f__Comamonadaceae.g__Aquabacterium, k__Bacteria.p__Proteobacteria.c__Gammaproteobacteria.o__Burkholderiales.f__Comamonadaceae.g__Curvibacter, k__Bacteria.p__Proteobacteria.c__Gammaproteobacteria.o__Burkholderiales.f__Comamonadaceae.g__Ottowia, k__Bacteria.p__Proteobacteria.c__Gammaproteobacteria.o__Burkholderiales.f__Comamonadaceae.g__Tepidimonas, k__Bacteria.p__Proteobacteria.c__Gammaproteobacteria.o__Burkholderiales.f__Hydrogenophilaceae.g__Hydrogenophilus, k__Bacteria.p__Proteobacteria.c__Gammaproteobacteria.o__Burkholderiales.f__Neisseriaceae.g__, k__Bacteria.p__Proteobacteria.c__Gammaproteobacteria.o__Burkholderiales.f__Neisseriaceae.g__Eikenella, k__Bacteria.p__Proteobacteria.c__Gammaproteobacteria.o__Burkholderiales.f__Neisseriaceae.g__Kingella, k__Bacteria.p__Proteobacteria.c__Gammaproteobacteria.o__Burkholderiales.f__Neisseriaceae.g__Neisseria, k__Bacteria.p__Proteobacteria.c__Gammaproteobacteria.o__Burkholderiales.f__Oxalobacteraceae.g__Janthinobacterium, k__Bacteria.p__Proteobacteria.c__Gammaproteobacteria.o__Burkholderiales.f__Oxalobacteraceae.g__Massilia, k__Bacteria.p__Proteobacteria.c__Gammaproteobacteria.o__Burkholderiales.f__Sutterellaceae.g__Sutterella, k__Bacteria.p__Proteobacteria.c__Gammaproteobacteria.o__Cardiobacteriales.f__Cardiobacteriaceae.g__Cardiobacterium, k__Bacteria.p__Proteobacteria.c__Gammaproteobacteria.o__Diplorickettsiales.f__Diplorickettsiaceae.g__Rickettsiella, k__Bacteria.p__Proteobacteria.c__Gammaproteobacteria.o__Enterobacterales.f__Enterobacteriaceae.g__Citrobacter, k__Bacteria.p__Proteobacteria.c__Gammaproteobacteria.o__Enterobacterales.f__Enterobacteriaceae.g__Klebsiella, k__Bacteria.p__Proteobacteria.c__Gammaproteobacteria.o__Enterobacterales.f__Morganellaceae.g__Proteus, k__Bacteria.p__Proteobacteria.c__Gammaproteobacteria.o__Enterobacterales.f__Pasteurellaceae.g__Aggregatibacter, k__Bacteria.p__Proteobacteria.c__Gammaproteobacteria.o__Enterobacterales.f__Pasteurellaceae.g__Haemophilus, k__Bacteria.p__Proteobacteria.c__Gammaproteobacteria.o__Enterobacterales.f__Pasteurellaceae.g__Rodentibacter, k__Bacteria.p__Proteobacteria.c__Gammaproteobacteria.o__Thiohalorhabdales.f__Thiohalorhabdaceae.g__Thiohalorhabdus, k__Bacteria.p__Proteobacteria.c__Gammaproteobacteria.o__Xanthomonadales.f__Xanthomonadaceae.g__Stenotrophomonas, k__Bacteria.p__Synergistota.c__Synergistia.o__Synergistales.f__Synergistaceae.g__Cloacibacillus
2023-05-04 10:47:57 INFO::Applying z-score to standardize continuous metadata
2023-05-04 10:47:57 INFO::Running selected transform method: LOG
2023-05-04 10:47:57 INFO::Running selected analysis method: LM
2023-05-04 10:47:57 INFO::Fitting model to feature number 1, k__Bacteria.p__Actinobacteriota.c__Actinobacteria.o__Bifidobacteriales.f__Bifidobacteriaceae.g__Bifidobacterium
2023-05-04 10:47:57 INFO::Fitting model to feature number 2, k__Bacteria.p__Actinobacteriota.c__Coriobacteriia.o__Coriobacteriales.f__Atopobiaceae.g__Coriobacteriaceae.UCG.002
2023-05-04 10:47:57 INFO::Fitting model to feature number 3, k__Bacteria.p__Actinobacteriota.c__Coriobacteriia.o__Coriobacteriales.f__Coriobacteriales.Incertae.Sedis.g__
2023-05-04 10:47:57 INFO::Fitting model to feature number 4, k__Bacteria.p__Actinobacteriota.c__Coriobacteriia.o__Coriobacteriales.f__Eggerthellaceae.g__
2023-05-04 10:47:57 INFO::Fitting model to feature number 5, k__Bacteria.p__Actinobacteriota.c__Coriobacteriia.o__Coriobacteriales.f__Eggerthellaceae.g__Enterorhabdus
2023-05-04 10:47:57 INFO::Fitting model to feature number 6, k__Bacteria.p__Bacteroidota.c__Bacteroidia.o__Bacteroidales.f__Bacteroidaceae.g__Bacteroides
2023-05-04 10:47:57 INFO::Fitting model to feature number 7, k__Bacteria.p__Bacteroidota.c__Bacteroidia.o__Bacteroidales.f__Marinifilaceae.g__Odoribacter
2023-05-04 10:47:57 INFO::Fitting model to feature number 8, k__Bacteria.p__Bacteroidota.c__Bacteroidia.o__Bacteroidales.f__Muribaculaceae.g__
2023-05-04 10:47:57 INFO::Fitting model to feature number 9, k__Bacteria.p__Bacteroidota.c__Bacteroidia.o__Bacteroidales.f__Muribaculaceae.g__Muribaculum
2023-05-04 10:47:57 INFO::Fitting model to feature number 10, k__Bacteria.p__Bacteroidota.c__Bacteroidia.o__Bacteroidales.f__Prevotellaceae.g__Prevotella_9
2023-05-04 10:47:57 INFO::Fitting model to feature number 11, k__Bacteria.p__Bacteroidota.c__Bacteroidia.o__Bacteroidales.f__Rikenellaceae.g__Alistipes
2023-05-04 10:47:58 INFO::Fitting model to feature number 12, k__Bacteria.p__Bacteroidota.c__Bacteroidia.o__Bacteroidales.f__Rikenellaceae.g__Rikenella
2023-05-04 10:47:58 INFO::Fitting model to feature number 13, k__Bacteria.p__Bacteroidota.c__Bacteroidia.o__Bacteroidales.f__Rikenellaceae.g__Rikenellaceae.RC9.gut.group
2023-05-04 10:47:58 INFO::Fitting model to feature number 14, k__Bacteria.p__Bacteroidota.c__Bacteroidia.o__Bacteroidales.f__Tannerellaceae.g__Parabacteroides
2023-05-04 10:47:58 INFO::Fitting model to feature number 15, k__Bacteria.p__Cyanobacteria.c__Vampirivibrionia.o__Gastranaerophilales.f__.g__
2023-05-04 10:47:58 INFO::Fitting model to feature number 16, k__Bacteria.p__Deferribacterota.c__Deferribacteres.o__Deferribacterales.f__Deferribacteraceae.g__Mucispirillum
2023-05-04 10:47:58 INFO::Fitting model to feature number 17, k__Bacteria.p__Desulfobacterota.c__Desulfovibrionia.o__Desulfovibrionales.f__Desulfovibrionaceae.g__Bilophila
2023-05-04 10:47:58 INFO::Fitting model to feature number 18, k__Bacteria.p__Desulfobacterota.c__Desulfovibrionia.o__Desulfovibrionales.f__Desulfovibrionaceae.g__Desulfovibrio
2023-05-04 10:47:58 INFO::Fitting model to feature number 19, k__Bacteria.p__Firmicutes.c__Bacilli.o__Acholeplasmatales.f__Acholeplasmataceae.g__Anaeroplasma
2023-05-04 10:47:58 INFO::Fitting model to feature number 20, k__Bacteria.p__Firmicutes.c__Bacilli.o__Bacillales.f__Bacillaceae.g__Bacillus
2023-05-04 10:47:58 INFO::Fitting model to feature number 21, k__Bacteria.p__Firmicutes.c__Bacilli.o__Erysipelotrichales.f__Erysipelatoclostridiaceae.g__
2023-05-04 10:47:58 INFO::Fitting model to feature number 22, k__Bacteria.p__Firmicutes.c__Bacilli.o__Erysipelotrichales.f__Erysipelatoclostridiaceae.g__Erysipelatoclostridium
2023-05-04 10:47:58 INFO::Fitting model to feature number 23, k__Bacteria.p__Firmicutes.c__Bacilli.o__Erysipelotrichales.f__Erysipelotrichaceae.g__
2023-05-04 10:47:58 INFO::Fitting model to feature number 24, k__Bacteria.p__Firmicutes.c__Bacilli.o__Erysipelotrichales.f__Erysipelotrichaceae.g__Dubosiella
2023-05-04 10:47:58 INFO::Fitting model to feature number 25, k__Bacteria.p__Firmicutes.c__Bacilli.o__Erysipelotrichales.f__Erysipelotrichaceae.g__Faecalibaculum
2023-05-04 10:47:58 INFO::Fitting model to feature number 26, k__Bacteria.p__Firmicutes.c__Bacilli.o__Erysipelotrichales.f__Erysipelotrichaceae.g__Turicibacter
2023-05-04 10:47:58 INFO::Fitting model to feature number 27, k__Bacteria.p__Firmicutes.c__Bacilli.o__Lactobacillales.f__Enterococcaceae.g__Enterococcus
2023-05-04 10:47:58 INFO::Fitting model to feature number 28, k__Bacteria.p__Firmicutes.c__Bacilli.o__Lactobacillales.f__Lactobacillaceae.g__HT002
2023-05-04 10:47:58 INFO::Fitting model to feature number 29, k__Bacteria.p__Firmicutes.c__Bacilli.o__Lactobacillales.f__Lactobacillaceae.g__Lactobacillus
2023-05-04 10:47:58 INFO::Fitting model to feature number 30, k__Bacteria.p__Firmicutes.c__Bacilli.o__Lactobacillales.f__Lactobacillaceae.g__Ligilactobacillus
2023-05-04 10:47:58 INFO::Fitting model to feature number 31, k__Bacteria.p__Firmicutes.c__Bacilli.o__Lactobacillales.f__Listeriaceae.g__Listeria
2023-05-04 10:47:58 INFO::Fitting model to feature number 32, k__Bacteria.p__Firmicutes.c__Bacilli.o__Lactobacillales.f__Streptococcaceae.g__Streptococcus
2023-05-04 10:47:58 INFO::Fitting model to feature number 33, k__Bacteria.p__Firmicutes.c__Bacilli.o__RF39.f__.g__
2023-05-04 10:47:59 INFO::Fitting model to feature number 34, k__Bacteria.p__Firmicutes.c__Bacilli.o__Staphylococcales.f__Staphylococcaceae.g__Staphylococcus
2023-05-04 10:47:59 INFO::Fitting model to feature number 35, k__Bacteria.p__Firmicutes.c__Clostridia.o__Christensenellales.f__Christensenellaceae.g__
2023-05-04 10:47:59 INFO::Fitting model to feature number 36, k__Bacteria.p__Firmicutes.c__Clostridia.o__Christensenellales.f__Christensenellaceae.g__Christensenellaceae.R.7.group
2023-05-04 10:47:59 INFO::Fitting model to feature number 37, k__Bacteria.p__Firmicutes.c__Clostridia.o__Clostridia.UCG.014.f__.g__
2023-05-04 10:47:59 INFO::Fitting model to feature number 38, k__Bacteria.p__Firmicutes.c__Clostridia.o__Clostridia.vadinBB60.group.f__.g__
2023-05-04 10:47:59 INFO::Fitting model to feature number 39, k__Bacteria.p__Firmicutes.c__Clostridia.o__Clostridiales.f__Clostridiaceae.g__Candidatus.Arthromitus
2023-05-04 10:47:59 INFO::Fitting model to feature number 40, k__Bacteria.p__Firmicutes.c__Clostridia.o__Clostridiales.f__Clostridiaceae.g__Clostridium.sensu.stricto.1
2023-05-04 10:47:59 INFO::Fitting model to feature number 41, k__Bacteria.p__Firmicutes.c__Clostridia.o__Eubacteriales.f__Anaerofustaceae.g__Anaerofustis
2023-05-04 10:47:59 INFO::Fitting model to feature number 42, k__Bacteria.p__Firmicutes.c__Clostridia.o__Lachnospirales.f__Defluviitaleaceae.g__Defluviitaleaceae.UCG.011
2023-05-04 10:47:59 INFO::Fitting model to feature number 43, k__Bacteria.p__Firmicutes.c__Clostridia.o__Lachnospirales.f__Lachnospiraceae.g__
2023-05-04 10:47:59 INFO::Fitting model to feature number 44, k__Bacteria.p__Firmicutes.c__Clostridia.o__Lachnospirales.f__Lachnospiraceae.g__A2
2023-05-04 10:47:59 INFO::Fitting model to feature number 45, k__Bacteria.p__Firmicutes.c__Clostridia.o__Lachnospirales.f__Lachnospiraceae.g__ASF356
2023-05-04 10:47:59 INFO::Fitting model to feature number 46, k__Bacteria.p__Firmicutes.c__Clostridia.o__Lachnospirales.f__Lachnospiraceae.g__Acetatifactor
2023-05-04 10:47:59 INFO::Fitting model to feature number 47, k__Bacteria.p__Firmicutes.c__Clostridia.o__Lachnospirales.f__Lachnospiraceae.g__Agathobacter
2023-05-04 10:47:59 INFO::Fitting model to feature number 48, k__Bacteria.p__Firmicutes.c__Clostridia.o__Lachnospirales.f__Lachnospiraceae.g__Anaerostipes
2023-05-04 10:47:59 INFO::Fitting model to feature number 49, k__Bacteria.p__Firmicutes.c__Clostridia.o__Lachnospirales.f__Lachnospiraceae.g__Blautia
2023-05-04 10:47:59 INFO::Fitting model to feature number 50, k__Bacteria.p__Firmicutes.c__Clostridia.o__Lachnospirales.f__Lachnospiraceae.g__Dorea
2023-05-04 10:47:59 INFO::Fitting model to feature number 51, k__Bacteria.p__Firmicutes.c__Clostridia.o__Lachnospirales.f__Lachnospiraceae.g__Fusicatenibacter
2023-05-04 10:47:59 INFO::Fitting model to feature number 52, k__Bacteria.p__Firmicutes.c__Clostridia.o__Lachnospirales.f__Lachnospiraceae.g__GCA.900066575
2023-05-04 10:47:59 INFO::Fitting model to feature number 53, k__Bacteria.p__Firmicutes.c__Clostridia.o__Lachnospirales.f__Lachnospiraceae.g__Lachnoclostridium
2023-05-04 10:47:59 INFO::Fitting model to feature number 54, k__Bacteria.p__Firmicutes.c__Clostridia.o__Lachnospirales.f__Lachnospiraceae.g__Lachnospiraceae.AC2044.group
2023-05-04 10:47:59 INFO::Fitting model to feature number 55, k__Bacteria.p__Firmicutes.c__Clostridia.o__Lachnospirales.f__Lachnospiraceae.g__Lachnospiraceae.FCS020.group
2023-05-04 10:47:59 INFO::Fitting model to feature number 56, k__Bacteria.p__Firmicutes.c__Clostridia.o__Lachnospirales.f__Lachnospiraceae.g__Lachnospiraceae.NK4A136.group
2023-05-04 10:48:00 INFO::Fitting model to feature number 57, k__Bacteria.p__Firmicutes.c__Clostridia.o__Lachnospirales.f__Lachnospiraceae.g__Lachnospiraceae.UCG.001
2023-05-04 10:48:00 INFO::Fitting model to feature number 58, k__Bacteria.p__Firmicutes.c__Clostridia.o__Lachnospirales.f__Lachnospiraceae.g__Lachnospiraceae.UCG.004
2023-05-04 10:48:00 INFO::Fitting model to feature number 59, k__Bacteria.p__Firmicutes.c__Clostridia.o__Lachnospirales.f__Lachnospiraceae.g__Lachnospiraceae.UCG.006
2023-05-04 10:48:00 INFO::Fitting model to feature number 60, k__Bacteria.p__Firmicutes.c__Clostridia.o__Lachnospirales.f__Lachnospiraceae.g__Lachnospiraceae.UCG.010
2023-05-04 10:48:00 INFO::Fitting model to feature number 61, k__Bacteria.p__Firmicutes.c__Clostridia.o__Lachnospirales.f__Lachnospiraceae.g__Marvinbryantia
2023-05-04 10:48:00 INFO::Fitting model to feature number 62, k__Bacteria.p__Firmicutes.c__Clostridia.o__Lachnospirales.f__Lachnospiraceae.g__Roseburia
2023-05-04 10:48:00 INFO::Fitting model to feature number 63, k__Bacteria.p__Firmicutes.c__Clostridia.o__Lachnospirales.f__Lachnospiraceae.g__Tuzzerella
2023-05-04 10:48:00 INFO::Fitting model to feature number 64, k__Bacteria.p__Firmicutes.c__Clostridia.o__Lachnospirales.f__Lachnospiraceae.g__.Eubacterium..xylanophilum.group
2023-05-04 10:48:00 INFO::Fitting model to feature number 65, k__Bacteria.p__Firmicutes.c__Clostridia.o__Monoglobales.f__Monoglobaceae.g__Monoglobus
2023-05-04 10:48:00 INFO::Fitting model to feature number 66, k__Bacteria.p__Firmicutes.c__Clostridia.o__Oscillospirales.f__Butyricicoccaceae.g__Butyricicoccus
2023-05-04 10:48:00 INFO::Fitting model to feature number 67, k__Bacteria.p__Firmicutes.c__Clostridia.o__Oscillospirales.f__Butyricicoccaceae.g__UCG.009
2023-05-04 10:48:00 INFO::Fitting model to feature number 68, k__Bacteria.p__Firmicutes.c__Clostridia.o__Oscillospirales.f__Oscillospiraceae.g__
2023-05-04 10:48:00 INFO::Fitting model to feature number 69, k__Bacteria.p__Firmicutes.c__Clostridia.o__Oscillospirales.f__Oscillospiraceae.g__Colidextribacter
2023-05-04 10:48:00 INFO::Fitting model to feature number 70, k__Bacteria.p__Firmicutes.c__Clostridia.o__Oscillospirales.f__Oscillospiraceae.g__Intestinimonas
2023-05-04 10:48:00 INFO::Fitting model to feature number 71, k__Bacteria.p__Firmicutes.c__Clostridia.o__Oscillospirales.f__Oscillospiraceae.g__NK4A214.group
2023-05-04 10:48:00 INFO::Fitting model to feature number 72, k__Bacteria.p__Firmicutes.c__Clostridia.o__Oscillospirales.f__Oscillospiraceae.g__Oscillibacter
2023-05-04 10:48:00 INFO::Fitting model to feature number 73, k__Bacteria.p__Firmicutes.c__Clostridia.o__Oscillospirales.f__Oscillospiraceae.g__Oscillospira
2023-05-04 10:48:00 INFO::Fitting model to feature number 74, k__Bacteria.p__Firmicutes.c__Clostridia.o__Oscillospirales.f__Oscillospiraceae.g__UCG.003
2023-05-04 10:48:00 INFO::Fitting model to feature number 75, k__Bacteria.p__Firmicutes.c__Clostridia.o__Oscillospirales.f__Oscillospiraceae.g__UCG.005
2023-05-04 10:48:00 INFO::Fitting model to feature number 76, k__Bacteria.p__Firmicutes.c__Clostridia.o__Oscillospirales.f__Ruminococcaceae.g__
2023-05-04 10:48:00 INFO::Fitting model to feature number 77, k__Bacteria.p__Firmicutes.c__Clostridia.o__Oscillospirales.f__Ruminococcaceae.g__Anaerotruncus
2023-05-04 10:48:00 INFO::Fitting model to feature number 78, k__Bacteria.p__Firmicutes.c__Clostridia.o__Oscillospirales.f__Ruminococcaceae.g__Faecalibacterium
2023-05-04 10:48:00 INFO::Fitting model to feature number 79, k__Bacteria.p__Firmicutes.c__Clostridia.o__Oscillospirales.f__Ruminococcaceae.g__Harryflintia
2023-05-04 10:48:01 INFO::Fitting model to feature number 80, k__Bacteria.p__Firmicutes.c__Clostridia.o__Oscillospirales.f__Ruminococcaceae.g__Incertae.Sedis
2023-05-04 10:48:01 INFO::Fitting model to feature number 81, k__Bacteria.p__Firmicutes.c__Clostridia.o__Oscillospirales.f__Ruminococcaceae.g__Ruminococcus
2023-05-04 10:48:01 INFO::Fitting model to feature number 82, k__Bacteria.p__Firmicutes.c__Clostridia.o__Oscillospirales.f__Ruminococcaceae.g__Subdoligranulum
2023-05-04 10:48:01 INFO::Fitting model to feature number 83, k__Bacteria.p__Firmicutes.c__Clostridia.o__Oscillospirales.f__Ruminococcaceae.g__UBA1819
2023-05-04 10:48:01 INFO::Fitting model to feature number 84, k__Bacteria.p__Firmicutes.c__Clostridia.o__Oscillospirales.f__Ruminococcaceae.g__.Eubacterium..siraeum.group
2023-05-04 10:48:01 INFO::Fitting model to feature number 85, k__Bacteria.p__Firmicutes.c__Clostridia.o__Oscillospirales.f__UCG.010.g__
2023-05-04 10:48:01 INFO::Fitting model to feature number 86, k__Bacteria.p__Firmicutes.c__Clostridia.o__Oscillospirales.f__.Eubacterium..coprostanoligenes.group.g__
2023-05-04 10:48:01 INFO::Fitting model to feature number 87, k__Bacteria.p__Firmicutes.c__Clostridia.o__Peptococcales.f__Peptococcaceae.g__
2023-05-04 10:48:01 INFO::Fitting model to feature number 88, k__Bacteria.p__Firmicutes.c__Clostridia.o__Peptococcales.f__Peptococcaceae.g__Peptococcus
2023-05-04 10:48:01 INFO::Fitting model to feature number 89, k__Bacteria.p__Firmicutes.c__Clostridia.o__Peptostreptococcales.Tissierellales.f__Anaerovoracaceae.g__Family.XIII.AD3011.group
2023-05-04 10:48:01 INFO::Fitting model to feature number 90, k__Bacteria.p__Firmicutes.c__Clostridia.o__Peptostreptococcales.Tissierellales.f__Anaerovoracaceae.g__Family.XIII.UCG.001
2023-05-04 10:48:01 INFO::Fitting model to feature number 91, k__Bacteria.p__Firmicutes.c__Clostridia.o__Peptostreptococcales.Tissierellales.f__Anaerovoracaceae.g__.Eubacterium..brachy.group
2023-05-04 10:48:01 INFO::Fitting model to feature number 92, k__Bacteria.p__Firmicutes.c__Clostridia.o__Peptostreptococcales.Tissierellales.f__Anaerovoracaceae.g__.Eubacterium..nodatum.group
2023-05-04 10:48:01 INFO::Fitting model to feature number 93, k__Bacteria.p__Firmicutes.c__Clostridia.o__Peptostreptococcales.Tissierellales.f__Peptostreptococcaceae.g__Romboutsia
2023-05-04 10:48:01 INFO::Fitting model to feature number 94, k__Bacteria.p__Proteobacteria.c__Alphaproteobacteria.o__Rhizobiales.f__Xanthobacteraceae.g__Bradyrhizobium
2023-05-04 10:48:01 INFO::Fitting model to feature number 95, k__Bacteria.p__Proteobacteria.c__Alphaproteobacteria.o__Rhodospirillales.f__.g__
2023-05-04 10:48:01 INFO::Fitting model to feature number 96, k__Bacteria.p__Proteobacteria.c__Alphaproteobacteria.o__Sphingomonadales.f__Sphingomonadaceae.g__Sphingobium
2023-05-04 10:48:01 INFO::Fitting model to feature number 97, k__Bacteria.p__Proteobacteria.c__Gammaproteobacteria.o__Burkholderiales.f__Comamonadaceae.g__Delftia
2023-05-04 10:48:01 INFO::Fitting model to feature number 98, k__Bacteria.p__Proteobacteria.c__Gammaproteobacteria.o__Burkholderiales.f__Sutterellaceae.g__Parasutterella
2023-05-04 10:48:01 INFO::Fitting model to feature number 99, k__Bacteria.p__Proteobacteria.c__Gammaproteobacteria.o__Enterobacterales.f__Enterobacteriaceae.g__Escherichia.Shigella
2023-05-04 10:48:01 INFO::Fitting model to feature number 100, k__Bacteria.p__Proteobacteria.c__Gammaproteobacteria.o__Pseudomonadales.f__Moraxellaceae.g__Acinetobacter
2023-05-04 10:48:01 INFO::Fitting model to feature number 101, k__Bacteria.p__Proteobacteria.c__Gammaproteobacteria.o__Pseudomonadales.f__Pseudomonadaceae.g__Pseudomonas
2023-05-04 10:48:01 INFO::Fitting model to feature number 102, k__Bacteria.p__Verrucomicrobiota.c__Verrucomicrobiae.o__Verrucomicrobiales.f__Akkermansiaceae.g__Akkermansia
2023-05-04 10:48:02 INFO::Counting total values for each feature
2023-05-04 10:48:02 WARNING::Deleting existing residuals file: Trios/differential_taxa/L6_Mucosal_Colon_L6_Maaslin2_Sequencing_Run_Site_Sex_Genotype_1-MouseID/residuals.rds
2023-05-04 10:48:02 INFO::Writing residuals to file Trios/differential_taxa/L6_Mucosal_Colon_L6_Maaslin2_Sequencing_Run_Site_Sex_Genotype_1-MouseID/residuals.rds
2023-05-04 10:48:02 INFO::Writing all results to file (ordered by increasing q-values): Trios/differential_taxa/L6_Mucosal_Colon_L6_Maaslin2_Sequencing_Run_Site_Sex_Genotype_1-MouseID/all_results.tsv
2023-05-04 10:48:02 INFO::Writing the significant results (those which are less than or equal to the threshold of 0.250000 ) to file (ordered by increasing q-values): Trios/differential_taxa/L6_Mucosal_Colon_L6_Maaslin2_Sequencing_Run_Site_Sex_Genotype_1-MouseID/significant_results.tsv
