2024-03-19 19:59:12 INFO::Writing function arguments to log file
2024-03-19 19:59:12 DEBUG::Function arguments
2024-03-19 19:59:12 DEBUG::Output folder: Trios/differential_taxa/L6_Luminal_Colon_L6_Maaslin2_Site_Sex_Genotype_1-MouseID_1-Litter
2024-03-19 19:59:12 DEBUG::Min Abundance: 0.000000
2024-03-19 19:59:12 DEBUG::Min Prevalence: 0.150000
2024-03-19 19:59:12 DEBUG::Normalization: TSS
2024-03-19 19:59:12 DEBUG::Transform: LOG
2024-03-19 19:59:12 DEBUG::Analysis method: LM
2024-03-19 19:59:12 DEBUG::Max significance: 0.250000
2024-03-19 19:59:12 DEBUG::Random effects: Litter,MouseID
2024-03-19 19:59:12 DEBUG::Fixed effects: Site,Sex,Genotype
2024-03-19 19:59:12 DEBUG::Correction method: BH
2024-03-19 19:59:12 DEBUG::Standardize: TRUE
2024-03-19 19:59:12 DEBUG::Cores: 1
2024-03-19 19:59:12 INFO::Verifying options selected are valid
2024-03-19 19:59:12 INFO::Determining format of input files
2024-03-19 19:59:12 INFO::Input format is data samples as columns and metadata samples as rows
2024-03-19 19:59:12 DEBUG::Transformed data so samples are rows
2024-03-19 19:59:12 DEBUG::A total of 89 samples were found in both the data and metadata
2024-03-19 19:59:12 DEBUG::Reordering data/metadata to use same sample ordering
2024-03-19 19:59:12 INFO::Formula for random effects: expr ~ (1 | Litter) + (1 | MouseID)
2024-03-19 19:59:12 INFO::Formula for fixed effects: expr ~  Site + Sex + Genotype
